  No16637.c
D:\Github\Algorithm_Practice\2021_Practice\C\0423\No16637\No16637.c(32,39): warning C4244: '함수': '__int64'에서 'int'(으)로 변환하면서 데이터가 손실될 수 있습니다.
D:\Github\Algorithm_Practice\2021_Practice\C\0423\No16637\No16637.c(48,55): warning C4244: '함수': '__int64'에서 'int'(으)로 변환하면서 데이터가 손실될 수 있습니다.
D:\Github\Algorithm_Practice\2021_Practice\C\0423\No16637\No16637.c(58,12): warning C4477: 'printf' : 서식 문자열 '%d'에 'int' 형식의 인수가 필요하지만 variadic 인수 1의 형식이 '__int64'입니다.
D:\Github\Algorithm_Practice\2021_Practice\C\0423\No16637\No16637.c(58,12): message : 서식 문자열에서 '%lld'을(를) 사용하는 것이 좋습니다.
D:\Github\Algorithm_Practice\2021_Practice\C\0423\No16637\No16637.c(58,12): message : 서식 문자열에서 '%I64d'을(를) 사용하는 것이 좋습니다.
D:\Github\Algorithm_Practice\2021_Practice\C\0423\No16637\No16637.c(77,12): warning C4477: 'printf' : 서식 문자열 '%d'에 'int' 형식의 인수가 필요하지만 variadic 인수 1의 형식이 '__int64'입니다.
D:\Github\Algorithm_Practice\2021_Practice\C\0423\No16637\No16637.c(77,12): message : 서식 문자열에서 '%lld'을(를) 사용하는 것이 좋습니다.
D:\Github\Algorithm_Practice\2021_Practice\C\0423\No16637\No16637.c(77,12): message : 서식 문자열에서 '%I64d'을(를) 사용하는 것이 좋습니다.
D:\Github\Algorithm_Practice\2021_Practice\C\0423\No16637\No16637.c(94,10): warning C4477: 'printf' : 서식 문자열 '%d'에 'int' 형식의 인수가 필요하지만 variadic 인수 3의 형식이 '__int64'입니다.
D:\Github\Algorithm_Practice\2021_Practice\C\0423\No16637\No16637.c(94,10): message : 서식 문자열에서 '%lld'을(를) 사용하는 것이 좋습니다.
D:\Github\Algorithm_Practice\2021_Practice\C\0423\No16637\No16637.c(94,10): message : 서식 문자열에서 '%I64d'을(를) 사용하는 것이 좋습니다.
D:\Github\Algorithm_Practice\2021_Practice\C\0423\No16637\No16637.c(94,10): warning C4477: 'printf' : 서식 문자열 '%d'에 'int' 형식의 인수가 필요하지만 variadic 인수 4의 형식이 '__int64'입니다.
D:\Github\Algorithm_Practice\2021_Practice\C\0423\No16637\No16637.c(94,10): message : 서식 문자열에서 '%lld'을(를) 사용하는 것이 좋습니다.
D:\Github\Algorithm_Practice\2021_Practice\C\0423\No16637\No16637.c(94,10): message : 서식 문자열에서 '%I64d'을(를) 사용하는 것이 좋습니다.
D:\Github\Algorithm_Practice\2021_Practice\C\0423\No16637\No16637.c(145,9): warning C4477: 'printf' : 서식 문자열 '%d'에 'int' 형식의 인수가 필요하지만 variadic 인수 1의 형식이 '__int64'입니다.
D:\Github\Algorithm_Practice\2021_Practice\C\0423\No16637\No16637.c(145,9): message : 서식 문자열에서 '%lld'을(를) 사용하는 것이 좋습니다.
D:\Github\Algorithm_Practice\2021_Practice\C\0423\No16637\No16637.c(145,9): message : 서식 문자열에서 '%I64d'을(를) 사용하는 것이 좋습니다.
D:\Github\Algorithm_Practice\2021_Practice\C\0423\No16637\No16637.c(105,14): warning C4101: 'i' :참조되지 않은 지역 변수입니다.
D:\Github\Algorithm_Practice\2021_Practice\C\0423\No16637\No16637.c(101): warning C4715: 'b_tracking': 모든 제어 경로에서 값을 반환하지는 않습니다.
  No16637.vcxproj -> D:\Github\Algorithm_Practice\2021_Practice\C\0423\Debug\No16637.exe
